<?xml version="1.0" encoding="UTF-8"?>
<!-- Generated by org.testng.reporters.JUnitReportReporter -->
<testsuite skipped="0" hostname="RAJKUMAR" name="com.facebook.tests.FB_TC01" tests="1" failures="0" timestamp="2020-07-17T00:18:32 IST" time="66.606" errors="0">
  <testcase name="sendindTextMessage" time="66.606" classname="com.facebook.tests.FB_TC01"/>
  <system-out>
  </system-out>
</testsuite> <!-- com.facebook.tests.FB_TC01 -->
